<?xml version="1.0" encoding="UTF-8"?>
<testsuite name="Registro de nuevo usuario en Utest" tests="1" skipped="0" failures="1" errors="0" timestamp="2022-07-23T02:49:43" hostname="DESKTOP-OPNS9OF" time="0.742">
  <properties/>
  <testcase name="Registro de Jose en plataforma Utest" classname="Registro de nuevo usuario en Utest" time="0.742">
    <failure message="java.lang.NullPointerException" type="java.lang.NullPointerException">java.lang.NullPointerException
	at net.serenitybdd.screenplay.actors.OnStage.anActorIsOnStage(OnStage.java:41)
	at net.serenitybdd.screenplay.actors.OnStage.theActorCalled(OnStage.java:32)
	at co.com.prueba.jose.stepdefinitions.StepDefinitions.joseEsperarAprenderMuchoDePruebasDeSoftware(StepDefinitions.java:27)
	at âœ½.Jose esperar aprender mucho de pruebas de software(src/test/resources/features/registroUtest.feature:6)
</failure>
  </testcase>
  <system-out><![CDATA[]]></system-out>
  <system-err><![CDATA[[Test worker] WARN net.thucydides.core.steps.BaseStepListener - stepStarted: net.thucydides.core.steps.ExecutedStepDescription@30da5e79
[Test worker] WARN net.thucydides.core.steps.BaseStepListener - stepStarted: net.thucydides.core.steps.ExecutedStepDescription@5aad3c3b
[Test worker] WARN net.thucydides.core.steps.BaseStepListener - stepStarted: net.thucydides.core.steps.ExecutedStepDescription@70ece1f4
[Test worker] WARN net.thucydides.core.steps.BaseStepListener - testFinished: Registro de Jose en plataforma Utest:Given Jose esperar aprender mucho de pruebas de software, When Completara el formulario completo con sus datos
| strNombre | strApellido | strEmail | strMesNacimiento | strDiaNacimiento | strAnioNacimiento |
| Lionel | Messi | messi@gmail.com | December | 14 | 1987 |, Then Finaliza el registro al completar los formularios
[Test worker] WARN net.thucydides.core.steps.BaseStepListener - TestOutcomes: [Registro de Jose en plataforma Utest:Given Jose esperar aprender mucho de pruebas de software, When Completara el formulario completo con sus datos
| strNombre | strApellido | strEmail | strMesNacimiento | strDiaNacimiento | strAnioNacimiento |
| Lionel | Messi | messi@gmail.com | December | 14 | 1987 |, Then Finaliza el registro al completar los formularios]
[Test worker] WARN net.thucydides.core.steps.BaseStepListener - Final testOutcomes: [Registro de Jose en plataforma Utest:Given Jose esperar aprender mucho de pruebas de software, When Completara el formulario completo con sus datos
| strNombre | strApellido | strEmail | strMesNacimiento | strDiaNacimiento | strAnioNacimiento |
| Lionel | Messi | messi@gmail.com | December | 14 | 1987 |, Then Finaliza el registro al completar los formularios]
[Test worker] ERROR net.thucydides.core.steps.ConsoleLoggingListener - 
           __  _____ _____ ____ _____   _____ _    ___ _     _____ ____  
  _       / / |_   _| ____/ ___|_   _| |  ___/ \  |_ _| |   | ____|  _ \ 
 (_)_____| |    | | |  _| \___ \ | |   | |_ / _ \  | || |   |  _| | | | |
  _|_____| |    | | | |___ ___) || |   |  _/ ___ \ | || |___| |___| |_| |
 (_)     | |    |_| |_____|____/ |_|   |_|/_/   \_\___|_____|_____|____/ 
          \_\                                                            

TEST FAILED WITH ERROR: Registro de Jose en plataforma Utest
---------------------------------------------------------------------
[Test worker] ERROR net.thucydides.core.steps.ConsoleLoggingListener - TEST FAILED AT STEP Given Jose esperar aprender mucho de pruebas de software
[Test worker] ERROR net.thucydides.core.steps.ConsoleLoggingListener - 
]]></system-err>
</testsuite>
