<?xml version="1.0" encoding="UTF-8"?><testsuite errors="1" failures="0" name="Registro de nuevo usuario en Utest" skipped="0" tests="1" time="2.18" timestamp="2022-07-23 03:14:07"><testcase name="Registro de Jose en plataforma Utest"><error type="java.lang.NullPointerException"/><system-err>null&#13;
co.com.prueba.jose.stepdefinitions.StepDefinitions.joseEsperarAprenderMuchoDePruebasDeSoftware(StepDefinitions.java:27)&#13;
✽.Jose esperar aprender mucho de pruebas de software(src/test/resources/features/registroUtest.feature:6)&#13;
</system-err></testcase></testsuite>